<?xml version="1.0" encoding="utf-8"?><testsuites name="pytest tests"><testsuite name="pytest" errors="0" failures="0" skipped="0" tests="21" time="3.587" timestamp="2026-01-10T22:26:31.203455+00:00" hostname="agent-env-be1e058b-15fc-40a0-8ce6-0ad1377f8ef3"><testcase classname="tests.test_backend_api.TestHealthAndStats" name="test_stats_endpoint" time="0.057" /><testcase classname="tests.test_backend_api.TestAuthentication" name="test_register_new_user" time="0.311" /><testcase classname="tests.test_backend_api.TestAuthentication" name="test_login_success" time="0.295" /><testcase classname="tests.test_backend_api.TestAuthentication" name="test_login_invalid_credentials" time="0.267" /><testcase classname="tests.test_backend_api.TestAuthentication" name="test_get_current_user" time="0.299" /><testcase classname="tests.test_backend_api.TestListingsAPI" name="test_get_listings_empty" time="0.033" /><testcase classname="tests.test_backend_api.TestListingsAPI" name="test_get_listings_with_pagination" time="0.038" /><testcase classname="tests.test_backend_api.TestListingsAPI" name="test_get_listings_count" time="0.036" /><testcase classname="tests.test_backend_api.TestListingsAPI" name="test_get_listings_count_with_filters" time="0.080" /><testcase classname="tests.test_backend_api.TestListingsAPI" name="test_get_listings_with_gender_filter" time="0.078" /><testcase classname="tests.test_backend_api.TestListingsAPI" name="test_get_listings_with_category_filter" time="0.034" /><testcase classname="tests.test_backend_api.TestListingsAPI" name="test_get_listings_with_race_filter" time="0.037" /><testcase classname="tests.test_backend_api.TestListingsAPI" name="test_get_listings_with_age_filter" time="0.078" /><testcase classname="tests.test_backend_api.TestListingsAPI" name="test_create_listing" time="0.387" /><testcase classname="tests.test_backend_api.TestListingsAPI" name="test_get_my_listings" time="0.331" /><testcase classname="tests.test_backend_api.TestAdminAPI" name="test_admin_get_users_requires_admin" time="0.375" /><testcase classname="tests.test_backend_api.TestAdminAPI" name="test_admin_get_listings_requires_admin" time="0.292" /><testcase classname="tests.test_backend_api.TestAdminAPI" name="test_admin_user_status_endpoint_exists" time="0.033" /><testcase classname="tests.test_backend_api.TestAdminAPI" name="test_admin_listing_edit_endpoint_exists" time="0.036" /><testcase classname="tests.test_backend_api.TestLocations" name="test_get_locations" time="0.035" /><testcase classname="tests.test_backend_api.TestCleanup" name="test_cleanup_test_listings" time="0.330" /></testsuite></testsuites>